[22:38:27] [main/WARN]: Ambiguity between arguments [teleport, location] and [teleport, destination] with inputs: [0.1 -0.5 .9, 0 0 0]
[22:38:27] [main/WARN]: Ambiguity between arguments [teleport, location] and [teleport, targets] with inputs: [0.1 -0.5 .9, 0 0 0]
[22:38:27] [main/WARN]: Ambiguity between arguments [teleport, targets] and [teleport, destination] with inputs: [Player, 0123, dd12be42-52a9-4a91-a8a1-11c01849e498]
[22:38:27] [main/WARN]: Ambiguity between arguments [teleport, targets, location] and [teleport, targets, destination] with inputs: [0.1 -0.5 .9, 0 0 0]
[22:38:27] [Server thread/INFO]: Starting minecraft server version 1.14.3
[22:38:27] [Server thread/INFO]: Loading properties
[22:38:27] [Server thread/INFO]: Default game type: SURVIVAL
[22:38:27] [Server thread/INFO]: Generating keypair
[22:38:28] [Server thread/INFO]: Starting Minecraft server on *:25565
[22:38:28] [Server thread/INFO]: Using epoll channel type
[22:38:28] [Server thread/INFO]: Preparing level "world"
[22:38:28] [Server thread/INFO]: Reloading ResourceManager: Default
[22:38:29] [Server thread/INFO]: Loaded 6 recipes
[22:38:31] [Server thread/INFO]: Loaded 811 advancements
[22:38:32] [Server thread/INFO]: Preparing start region for dimension minecraft:overworld
[22:38:35] [Server thread/INFO]: Preparing spawn area: 0%
[22:38:35] [Server thread/INFO]: Preparing spawn area: 0%
[22:38:35] [Server thread/INFO]: Preparing spawn area: 0%
[22:38:35] [Server thread/INFO]: Preparing spawn area: 0%
[22:38:35] [Server thread/INFO]: Preparing spawn area: 0%
[22:38:35] [Server thread/INFO]: Preparing spawn area: 0%
[22:38:35] [Server thread/INFO]: Preparing spawn area: 0%
[22:38:35] [Server thread/INFO]: Preparing spawn area: 0%
[22:38:38] [Server-Worker-2/INFO]: Preparing spawn area: 0%
[22:38:38] [Server-Worker-5/INFO]: Preparing spawn area: 0%
[22:38:38] [Server-Worker-5/INFO]: Preparing spawn area: 0%
[22:38:38] [Server-Worker-3/INFO]: Preparing spawn area: 0%
[22:38:38] [Server-Worker-5/INFO]: Preparing spawn area: 0%
[22:38:38] [Server-Worker-5/INFO]: Preparing spawn area: 0%
[22:38:39] [Server thread/INFO]: Preparing spawn area: 54%
[22:38:39] [Server thread/INFO]: Time elapsed: 7227 ms
[22:38:39] [Server thread/INFO]: Done (10.590s)! For help, type "help"
[22:38:49] [User Authenticator #1/INFO]: UUID of player Max80well80 is 50933a6d-2685-4dd2-8500-eb77edd1ec32
[22:38:49] [Server thread/INFO]: Max80well80[/192.168.1.103:61631] logged in with entity id 346 at (13.292705589873298, 76.0, -60.531933361158146)
[22:38:49] [Server thread/INFO]: Max80well80 joined the game
[23:08:46] [Server thread/WARN]: Roach moved wrongly!
[23:25:06] [Server thread/WARN]: Fetching packet for removed entity ats['Air'/8863, l='world', x=-2.00, y=78.00, z=-56.82]
[23:25:20] [Server thread/INFO]: Max80well80 lost connection: Disconnected
[23:25:20] [Server thread/INFO]: Max80well80 left the game
[23:25:25] [Server thread/INFO]: Stopping the server
[23:25:25] [Server thread/INFO]: Stopping server
[23:25:25] [Server thread/INFO]: Saving players
[23:25:25] [Server thread/INFO]: Saving worlds
[23:25:25] [Server thread/INFO]: Saving chunks for level 'world'/minecraft:the_nether
[23:25:25] [Server thread/INFO]: ThreadedAnvilChunkStorage (DIM-1): All chunks are saved
[23:25:25] [Server thread/INFO]: Saving chunks for level 'world'/minecraft:the_end
[23:25:25] [Server thread/INFO]: ThreadedAnvilChunkStorage (DIM1): All chunks are saved
[23:25:25] [Server thread/INFO]: Saving chunks for level 'world'/minecraft:overworld
[23:25:26] [Server thread/INFO]: ThreadedAnvilChunkStorage (world): All chunks are saved
[23:25:26] [Server thread/INFO]: ThreadedAnvilChunkStorage (DIM-1): All chunks are saved
[23:25:26] [Server thread/INFO]: ThreadedAnvilChunkStorage (DIM1): All chunks are saved
[23:25:26] [Server thread/INFO]: ThreadedAnvilChunkStorage (world): All chunks are saved
